#
# A fatal error has been detected by the Java Runtime Environment:
#
#  EXCEPTION_ACCESS_VIOLATION (0xc0000005) at pc=0x00000256147d0eef, pid=12124, tid=19424
#
# JRE version: Java(TM) SE Runtime Environment (22.0.2+9) (build 22.0.2+9-70)
# Java VM: Java HotSpot(TM) 64-Bit Server VM (22.0.2+9-70, mixed mode, emulated-client, sharing, tiered, compressed oops, compressed class ptrs, g1 gc, windows-amd64)
# Problematic frame:
# v  ~BufferBlob::MethodHandles adapters 0x00000256147d0eef
#
# No core dump will be written. Minidumps are not enabled by default on client versions of Windows
#
# If you would like to submit a bug report, please visit:
#   https://bugreport.java.com/bugreport/crash.jsp
#

---------------  S U M M A R Y ------------

Command Line: -XX:+ShowCodeDetailsInExceptionMessages -agentlib:jdwp=transport=dt_socket,suspend=y,address=localhost:56837 -Dcom.sun.management.jmxremote -Dcom.sun.management.jmxremote.port=56836 -Dcom.sun.management.jmxremote.authenticate=false -Dcom.sun.management.jmxremote.ssl=false -Djava.rmi.server.hostname=localhost -Dspring.jmx.enabled=true -Dmanagement.endpoints.jmx.exposure.include=* -Dspring.application.admin.enabled=true -XX:TieredStopAtLevel=1 -Dspring.boot.project.name=demo -javaagent:C:\Users\sahan\eclipse\java-2024-06\eclipse\configuration\org.eclipse.osgi\251\0\.cp\lib\javaagent-shaded.jar -Dfile.encoding=UTF-8 -Dstdout.encoding=UTF-8 -Dstderr.encoding=UTF-8 com.example.demo.DemoApplication --spring.output.ansi.enabled=always

Host: Intel(R) Core(TM) i5-9300H CPU @ 2.40GHz, 8 cores, 7G,  Windows 10 , 64 bit Build 19041 (10.0.19041.4717)
Time: Fri Aug 23 18:08:00 2024 India Standard Time elapsed time: 158.086840 seconds (0d 0h 2m 38s)

---------------  T H R E A D  ---------------

Current thread (0x0000025664542fc0):  JavaThread "http-nio-8080-exec-2" daemon [_thread_in_Java, id=19424, stack(0x000000a064900000,0x000000a064a00000) (1024K)]

Stack: [0x000000a064900000,0x000000a064a00000],  sp=0x000000a0649fda48,  free space=1014k
Native frames: (J=compiled Java code, j=interpreted, Vv=VM code, C=native code)
C  0x00000256147d0eef  (no source info available)

The last pc belongs to _linkToVirtual (printed below).

siginfo: EXCEPTION_ACCESS_VIOLATION (0xc0000005), reading address 0xffffffffffffffff


Registers:
RAX=0x00000256147a9613, RBX=0x0000000083d6b908, RCX=0xfffffffffffffff7, RDX=0x0000000000000002
RSP=0x000000a0649fda48, RBP=0x000000a0649fda98, RSI=0x00000256634a54d8, RDI=0x0000025662164a10
R8 =0x0000000000000004, R9 =0x0000000000000004, R10=0x00007ffcb8c9c840, R11=0x000002561d097808
R12=0x0000000000000000, R13=0x000000a0649fda48, R14=0x000000a0649fdab8, R15=0x0000025664542fc0
RIP=0x00000256147d0eef, EFLAGS=0x0000000000010202


Register to memory mapping:

RAX=0x00000256147a9613 is at code_begin+4499 in an Interpreter codelet
return entry points  [0x00000256147a8480, 0x00000256147aa388]  7944 bytes
RBX=0x0000000083d6b908 is an oop: com.example.demo.controller.DemoController 
{0x0000000083d6b908} - klass: 'com/example/demo/controller/DemoController'
 - ---- fields (total size 4 words):
 - protected final 'log' 'Lorg/apache/log4j/Logger;' @12  a 'org/apache/log4j/Logger'{0x0000000083295048} (0x83295048)
 - 'service' 'Lcom/example/demo/service/DemoService;' @16  a 'com/example/demo/service/DemoService'{0x0000000083d6b7c0} (0x83d6b7c0)
 - 'logg1' 'Lorg/apache/log4j/Logger;' @20  a 'org/apache/log4j/Logger'{0x0000000083295048} (0x83295048)
 - private final 'gson' 'Lcom/google/gson/Gson;' @24  a 'com/google/gson/Gson'{0x0000000083d3cd98} (0x83d3cd98)
RCX=0xfffffffffffffff7 is an unknown value
RDX=0x0000000000000002 is an unknown value
RSP=0x000000a0649fda48 is pointing into the stack for thread: 0x0000025664542fc0
RBP=0x000000a0649fda98 is pointing into the stack for thread: 0x0000025664542fc0
RSI=0x00000256634a54d8 points into unknown readable memory: 0x8800137261d7808a | 8a 80 d7 61 72 13 00 88
RDI=0x0000025662164a10 points into unknown readable memory: 0x0000001800000060 | 60 00 00 00 18 00 00 00
R8 =0x0000000000000004 is an unknown value
R9 =0x0000000000000004 is an unknown value
R10=0x00007ffcb8c9c840 jvm.dll
R11={method} {0x000002561d097810} 'invokeVirtual' '(Ljava/lang/Object;Ljava/lang/Object;)Ljava/lang/Object;' in 'java/lang/invoke/DirectMethodHandle$Holder'
R12=0x0 is null
R13=0x000000a0649fda48 is pointing into the stack for thread: 0x0000025664542fc0
R14=0x000000a0649fdab8 is pointing into the stack for thread: 0x0000025664542fc0
R15=0x0000025664542fc0 is a thread

Top of Stack: (sp=0x000000a0649fda48)
0x000000a0649fda48:   00000256147a9613 fffffffffffffff7
0x000000a0649fda58:   000002561d6ed37a 0000000000000004
0x000000a0649fda68:   000002561d0950d0 0000000083f1b4b0
0x000000a0649fda78:   000000008284e088 000002561d097808
0x000000a0649fda88:   fffffffffffffff6 000000a0649fdac0
0x000000a0649fda98:   000000a0649fddc0 0000025614ef1b08
0x000000a0649fdaa8:   00000000855be7a0 0000000083d6b908
0x000000a0649fdab8:   00000000855be948 00000000855beb40
0x000000a0649fdac8:   00000000855be6d8 0000000082813ae0
0x000000a0649fdad8:   00000000855beb18 0000000083d6b908
0x000000a0649fdae8:   00000000855beac8 00000000855be948
0x000000a0649fdaf8:   0000000083d6b908 0000025614ef1a44
0x000000a0649fdb08:   00000256148bdf0c 000000a0649fddc0
0x000000a0649fdb18:   00000256151c545a 0000000083f156e8
0x000000a0649fdb28:   0000000000000001 0000000083f156e8
0x000000a0649fdb38:   00000000830bc3a0 0000000083f9bc50
0x000000a0649fdb48:   0000000000000000 000000a0649fddc0
0x000000a0649fdb58:   0000025614bc2a5c 0000000082c0a3e0
0x000000a0649fdb68:   00000000855bc740 000000a000000000
0x000000a0649fdb78:   0000000083f1b4b0 0000000083f156e8
0x000000a0649fdb88:   00000000855beb40 00000000855beb18
0x000000a0649fdb98:   0000000000000000 0000000000000000
0x000000a0649fdba8:   0000000000000000 0000000000000000
0x000000a0649fdbb8:   0000000000000000 0000000000000000
0x000000a0649fdbc8:   0000000000000000 00000000855beb40
0x000000a0649fdbd8:   00000000834531d0 0000000083d6b908
0x000000a0649fdbe8:   00000256152f08b0 0000000083f1b4b0
0x000000a0649fdbf8:   0000002800000001 0000000000000000
0x000000a0649fdc08:   000002565ff34f68 0000000000000037
0x000000a0649fdc18:   0000000000000000 0000025664542f00
0x000000a0649fdc28:   0000000000000000 000000a0649fddc0
0x000000a0649fdc38:   00000000855beb18 0000000000000000 

Instructions: (pc=0x00000256147d0eef)
0x00000256147d0def:   00 00 00 00 00 00 00 00 00 00 00 00 00 00 00 00
0x00000256147d0dff:   00 22 00 00 00 00 00 00 00 01 00 00 00 00 00 00
0x00000256147d0e0f:   00 b0 33 9f b8 fc 7f 00 00 80 0e 7d 14 56 02 00
0x00000256147d0e1f:   00 00 1f 7d 14 56 02 00 00 80 0e 7d 14 56 02 00
0x00000256147d0e2f:   00 00 1f 7d 14 56 02 00 00 70 0e 7d 14 56 02 00
0x00000256147d0e3f:   00 70 0e 7d 14 56 02 00 00 00 00 00 00 00 00 00
0x00000256147d0e4f:   00 50 34 9f b8 fc 7f 00 00 f0 10 00 00 60 00 00
0x00000256147d0e5f:   00 ff ff ff ff f0 10 00 00 00 00 00 00 00 00 00
0x00000256147d0e6f:   00 00 00 00 00 00 00 00 00 00 00 00 00 00 00 00
0x00000256147d0e7f:   00 f4 66 66 66 0f 1f 84 00 00 00 00 00 66 66 66
0x00000256147d0e8f:   90 66 66 66 0f 1f 84 00 00 00 00 00 66 66 66 90
0x00000256147d0e9f:   90 48 8b 53 08 0f b7 52 2e 48 8b 0c d4 8b 59 14
0x00000256147d0eaf:   8b 5b 28 8b 5b 24 48 8b 5b 10 48 85 db 0f 84 10
0x00000256147d0ebf:   00 00 00 41 80 bf e8 05 00 00 00 74 03 ff 63 38
0x00000256147d0ecf:   ff 63 50 e9 a9 16 00 00 66 0f 1f 84 00 00 00 00
0x00000256147d0edf:   00 48 8b 53 08 0f b7 52 2e 48 8b 0c d4 58 5b 50
0x00000256147d0eef:   44 8b 51 08 49 bb 00 00 00 1d 56 02 00 00 4d 03
0x00000256147d0eff:   d3 4c 8b 5b 10 4b 8b 9c da c8 01 00 00 48 85 db
0x00000256147d0f0f:   0f 84 10 00 00 00 41 80 bf e8 05 00 00 00 74 03
0x00000256147d0f1f:   ff 63 38 ff 63 50 e9 56 16 00 00 66 66 66 0f 1f
0x00000256147d0f2f:   84 00 00 00 00 00 66 66 66 90 0f 1f 80 00 00 00
0x00000256147d0f3f:   00 58 5b 50 8b 5b 24 48 8b 5b 10 48 85 db 0f 84
0x00000256147d0f4f:   10 00 00 00 41 80 bf e8 05 00 00 00 74 03 ff 63
0x00000256147d0f5f:   38 ff 63 50 e9 18 16 00 00 66 66 66 0f 1f 84 00
0x00000256147d0f6f:   00 00 00 00 66 66 66 90 66 0f 1f 84 00 00 00 00
0x00000256147d0f7f:   00 48 8b 53 08 0f b7 52 2e 48 8b 0c d4 58 5b 50
0x00000256147d0f8f:   48 3b 01 8b 5b 24 48 8b 5b 10 48 85 db 0f 84 10
0x00000256147d0f9f:   00 00 00 41 80 bf e8 05 00 00 00 74 03 ff 63 38
0x00000256147d0faf:   ff 63 50 e9 c9 15 00 00 66 0f 1f 84 00 00 00 00
0x00000256147d0fbf:   00 48 8b 53 08 0f b7 52 2e 48 8b 0c d4 58 5b 50
0x00000256147d0fcf:   44 8b 51 08 49 bb 00 00 00 1d 56 02 00 00 4d 03
0x00000256147d0fdf:   d3 8b 43 18 48 8b 40 10 48 8b 5b 10 45 8b 9a a0 


Stack slot to memory mapping:

stack at sp + 0 slots: 0x00000256147a9613 is at code_begin+4499 in an Interpreter codelet
return entry points  [0x00000256147a8480, 0x00000256147aa388]  7944 bytes
stack at sp + 1 slots: 0xfffffffffffffff7 is an unknown value
stack at sp + 2 slots: 0x000002561d6ed37a is pointing into metadata
stack at sp + 3 slots: 0x0000000000000004 is an unknown value
stack at sp + 4 slots: 0x000002561d0950d0 is pointing into metadata
stack at sp + 5 slots: 0x0000000083f1b4b0 is an oop: java.lang.reflect.Method 
{0x0000000083f1b4b0} - klass: 'java/lang/reflect/Method'
 - ---- fields (total size 11 words):
 - 'override' 'Z' @12  false (0x00)
 - volatile 'accessCheckCache' 'Ljava/lang/Object;' @16  null (0x00000000)
 - private transient 'parameterData' 'Ljava/lang/reflect/Executable$ParameterData;' @20  null (0x00000000)
 - private volatile transient 'declaredAnnotations' 'Ljava/util/Map;' @24  a 'java/util/LinkedHashMap'{0x0000000083f1b508} (0x83f1b508)
 - private 'callerSensitive' 'B' @13  0 (0x00)
 - private final 'slot' 'I' @28  1 (0x00000001)
 - private final 'modifiers' 'I' @32  1 (0x00000001)
 - private final 'clazz' 'Ljava/lang/Class;' @36  a 'java/lang/Class'{0x0000000083f156e8} = 'com/example/demo/controller/DemoController' (0x83f156e8)
 - private final 'name' 'Ljava/lang/String;' @40  "getUserDetails"{0x0000000083009640} (0x83009640)
 - private final 'returnType' 'Ljava/lang/Class;' @44  a 'java/lang/Class'{0x0000000083009678} = 'org/springframework/http/ResponseEntity' (0x83009678)
 - private final 'parameterTypes' '[Ljava/lang/Class;' @48  a 'java/lang/Class'[0] {0x000000008283e420} (0x8283e420)
 - private final 'exceptionTypes' '[Ljava/lang/Class;' @52  a 'java/lang/Class'[0] {0x000000008283e420} (0x8283e420)
 - private final transient 'signature' 'Ljava/lang/String;' @56  "()Lorg/springframework/http/ResponseEntity<Ljava/lang/String;>;"{0x0000000083f1b7f8} (0x83f1b7f8)
 - private volatile transient 'genericInfo' 'Lsun/reflect/generics/repository/MethodRepository;' @60  null (0x00000000)
 - private final 'annotations' '[B' @64  [B{0x0000000083f1b860} (0x83f1b860)
 - private final 'parameterAnnotations' '[B' @68  null (0x00000000)
 - private final 'annotationDefault' '[B' @72  null (0x00000000)
 - private 'methodAccessor' 'Ljdk/internal/reflect/MethodAccessor;' @76  a 'jdk/internal/reflect/DirectMethodHandleAccessor'{0x00000000855beb40} (0x855beb40)
 - private 'root' 'Ljava/lang/reflect/Method;' @80  null (0x00000000)
stack at sp + 6 slots: 0x000000008284e088 is an oop: java.lang.Class 
{0x000000008284e088} - klass: 'java/lang/Class'
 - ---- fields (total size 14 words):
 - private volatile transient 'classRedefinedCount' 'I' @12  0 (0x00000000)
 - injected 'klass' 'J' @16  2568877591704 (0x000002561d094c98)
 - injected 'array_klass' 'J' @24  0 (0x0000000000000000)
 - injected 'oop_size' 'I' @32  14 (0x0000000e)
 - injected 'static_oop_field_count' 'I' @36  0 (0x00000000)
 - private volatile transient 'cachedConstructor' 'Ljava/lang/reflect/Constructor;' @40  null (0x00000000)
 - private transient 'name' 'Ljava/lang/String;' @44  null (0x00000000)
 - private transient 'module' 'Ljava/lang/Module;' @48  a 'java/lang/Module'{0x0000000082830618} (0x82830618)
 - private final 'classLoader' 'Ljava/lang/ClassLoader;' @52  null (0x00000000)
 - private transient 'classData' 'Ljava/lang/Object;' @56  null (0x00000000)
 - private transient 'packageName' 'Ljava/lang/String;' @60  null (0x00000000)
 - private final 'componentType' 'Ljava/lang/Class;' @64  null (0x00000000)
 - private volatile transient 'reflectionData' 'Ljava/lang/ref/SoftReference;' @68  null (0x00000000)
 - private volatile transient 'genericInfo' 'Lsun/reflect/generics/repository/ClassRepository;' @72  null (0x00000000)
 - private volatile transient 'enumConstants' '[Ljava/lang/Object;' @76  null (0x00000000)
 - private volatile transient 'enumConstantDirectory' 'Ljava/util/Map;' @80  null (0x00000000)
 - private volatile transient 'annotationData' 'Ljava/lang/Class$AnnotationData;' @84  null (0x00000000)
 - private volatile transient 'annotationType' 'Lsun/reflect/annotation/AnnotationType;' @88  null (0x00000000)
 - transient 'classValueMap' 'Ljava/lang/ClassValue$ClassValueMap;' @92  null (0x00000000)
 - injected 'protection_domain' 'Ljava/lang/Object;' @96  null (0x00000000)
 - injected 'signers_name' 'Ljava/lang/Object;' @100  null (0x00000000)
 - injected 'source_file' 'Ljava/lang/Object;' @104  null (0x00000000)
 - signature: Ljava/lang/invoke/DirectMethodHandle$Holder;
 - ---- static fields (0):
stack at sp + 7 slots: {method} {0x000002561d097810} 'invokeVirtual' '(Ljava/lang/Object;Ljava/lang/Object;)Ljava/lang/Object;' in 'java/lang/invoke/DirectMethodHandle$Holder'

MethodHandle::interpreter_entry::_linkToVirtual [0x00000256147d0ed7, 0x00000256147d0f2a] (83 bytes)
[MachCode]
  0x00000256147d0ed7: 660f 1f84 | 0000 0000 | 0048 8b53 | 080f b752 | 2e48 8b0c | d458 5b50 | 448b 5108 | 49bb 0000 
  0x00000256147d0ef7: 001d 5602 | 0000 4d03 | d34c 8b5b | 104b 8b9c | dac8 0100 | 0048 85db | 0f84 1000 | 0000 4180 
  0x00000256147d0f17: bfe8 0500 | 0000 7403 | ff63 38ff | 6350 e956 | 
[/MachCode]

---------------  P R O C E S S  ---------------

Threads class SMR info:
_java_thread_list=0x0000025664360c20, length=43, elements={
0x000002561cad8e90, 0x000002561cad98f0, 0x000002561cadc780, 0x000002561cadd540,
0x000002561cae83c0, 0x000002561caed5f0, 0x000002561caeed90, 0x00000256620c3150,
0x0000025662133f00, 0x000002566215c1b0, 0x000002566215ed70, 0x00000256620c37e0,
0x00000256620c5220, 0x00000256620c3e70, 0x00000256620c1da0, 0x00000256620c2430,
0x0000025663082bc0, 0x0000025663083250, 0x0000025663081810, 0x000002566307fdd0,
0x0000025664544370, 0x0000025664545720, 0x00000256645401d0, 0x0000025664541c10,
0x0000025664542930, 0x0000025664540ef0, 0x000002566453ee20, 0x0000025664544a00,
0x000002566453f4b0, 0x0000025664540860, 0x0000025664541580, 0x0000025664545090,
0x0000025664542fc0, 0x000002566453e790, 0x0000025664543650, 0x0000025664543ce0,
0x0000025664545db0, 0x000002566307dd00, 0x0000025663081ea0, 0x000002566307ea20,
0x0000025663082530, 0x00000256630838e0, 0x0000025663083f70
}

Java Threads: ( => current thread )
  0x000002561cad8e90 JavaThread "Reference Handler"          daemon [_thread_blocked, id=9240, stack(0x000000a062200000,0x000000a062300000) (1024K)]
  0x000002561cad98f0 JavaThread "Finalizer"                  daemon [_thread_blocked, id=5968, stack(0x000000a062300000,0x000000a062400000) (1024K)]
  0x000002561cadc780 JavaThread "Signal Dispatcher"          daemon [_thread_blocked, id=19720, stack(0x000000a062400000,0x000000a062500000) (1024K)]
  0x000002561cadd540 JavaThread "Attach Listener"            daemon [_thread_blocked, id=17744, stack(0x000000a062500000,0x000000a062600000) (1024K)]
  0x000002561cae83c0 JavaThread "Service Thread"             daemon [_thread_blocked, id=12548, stack(0x000000a062600000,0x000000a062700000) (1024K)]
  0x000002561caed5f0 JavaThread "Monitor Deflation Thread"   daemon [_thread_blocked, id=14972, stack(0x000000a062700000,0x000000a062800000) (1024K)]
  0x000002561caeed90 JavaThread "C1 CompilerThread0"         daemon [_thread_blocked, id=4064, stack(0x000000a062800000,0x000000a062900000) (1024K)]
  0x00000256620c3150 JavaThread "Common-Cleaner"             daemon [_thread_blocked, id=2796, stack(0x000000a062900000,0x000000a062a00000) (1024K)]
  0x0000025662133f00 JavaThread "JDWP Transport Listener: dt_socket" daemon [_thread_blocked, id=6720, stack(0x000000a062d00000,0x000000a062e00000) (1024K)]
  0x000002566215c1b0 JavaThread "JDWP Event Helper Thread"   daemon [_thread_blocked, id=20120, stack(0x000000a062e00000,0x000000a062f00000) (1024K)]
  0x000002566215ed70 JavaThread "JDWP Command Reader"        daemon [_thread_in_native, id=10836, stack(0x000000a062f00000,0x000000a063000000) (1024K)]
  0x00000256620c37e0 JavaThread "Notification Thread"        daemon [_thread_blocked, id=11632, stack(0x000000a063000000,0x000000a063100000) (1024K)]
  0x00000256620c5220 JavaThread "RMI TCP Accept-0"           daemon [_thread_in_native, id=21464, stack(0x000000a063100000,0x000000a063200000) (1024K)]
  0x00000256620c3e70 JavaThread "RMI TCP Accept-56836"       daemon [_thread_in_native, id=19128, stack(0x000000a063200000,0x000000a063300000) (1024K)]
  0x00000256620c1da0 JavaThread "RMI TCP Accept-0"           daemon [_thread_in_native, id=22024, stack(0x000000a063300000,0x000000a063400000) (1024K)]
  0x00000256620c2430 JavaThread "RMI Scheduler(0)"           daemon [_thread_blocked, id=22420, stack(0x000000a063e00000,0x000000a063f00000) (1024K)]
  0x0000025663082bc0 JavaThread "RMI TCP Connection(idle)"   daemon [_thread_blocked, id=7368, stack(0x000000a063f00000,0x000000a064000000) (1024K)]
  0x0000025663083250 JavaThread "JMX server connection timeout 41" daemon [_thread_blocked, id=3788, stack(0x000000a064000000,0x000000a064100000) (1024K)]
  0x0000025663081810 JavaThread "BufferPoolPruner-1-thread-1" daemon [_thread_blocked, id=21996, stack(0x000000a064500000,0x000000a064600000) (1024K)]
  0x000002566307fdd0 JavaThread "Live Reload Server"         daemon [_thread_in_native, id=20416, stack(0x000000a064b00000,0x000000a064c00000) (1024K)]
  0x0000025664544370 JavaThread "DestroyJavaVM"                     [_thread_blocked, id=18188, stack(0x000000a061a00000,0x000000a061b00000) (1024K)]
  0x0000025664545720 JavaThread "RMI TCP Connection(idle)"   daemon [_thread_blocked, id=12316, stack(0x000000a065500000,0x000000a065600000) (1024K)]
  0x00000256645401d0 JavaThread "RMI TCP Connection(idle)"   daemon [_thread_blocked, id=17996, stack(0x000000a061700000,0x000000a061800000) (1024K)]
  0x0000025664541c10 JavaThread "RMI TCP Connection(idle)"   daemon [_thread_blocked, id=4852, stack(0x000000a065600000,0x000000a065700000) (1024K)]
  0x0000025664542930 JavaThread "Catalina-utility-1"                [_thread_blocked, id=2204, stack(0x000000a063b00000,0x000000a063c00000) (1024K)]
  0x0000025664540ef0 JavaThread "Catalina-utility-2"                [_thread_blocked, id=16184, stack(0x000000a063c00000,0x000000a063d00000) (1024K)]
  0x000002566453ee20 JavaThread "container-0"                       [_thread_blocked, id=22044, stack(0x000000a063d00000,0x000000a063e00000) (1024K)]
  0x0000025664544a00 JavaThread "cluster-ClusterId{value='66c88275df5f6e5ead4682f4', description='null'}-localhost:27017" daemon [_thread_in_native, id=22016, stack(0x000000a064100000,0x000000a064200000) (1024K)]
  0x000002566453f4b0 JavaThread "cluster-rtt-ClusterId{value='66c88275df5f6e5ead4682f4', description='null'}-localhost:27017" daemon [_thread_blocked, id=9416, stack(0x000000a064300000,0x000000a064400000) (1024K)]
  0x0000025664540860 JavaThread "MaintenanceTimer-5-thread-1" daemon [_thread_blocked, id=11136, stack(0x000000a064400000,0x000000a064500000) (1024K)]
  0x0000025664541580 JavaThread "File Watcher"               daemon [_thread_blocked, id=22284, stack(0x000000a064600000,0x000000a064700000) (1024K)]
  0x0000025664545090 JavaThread "http-nio-8080-exec-1"       daemon [_thread_blocked, id=2660, stack(0x000000a064700000,0x000000a064800000) (1024K)]
=>0x0000025664542fc0 JavaThread "http-nio-8080-exec-2"       daemon [_thread_in_Java, id=19424, stack(0x000000a064900000,0x000000a064a00000) (1024K)]
  0x000002566453e790 JavaThread "http-nio-8080-exec-3"       daemon [_thread_blocked, id=12212, stack(0x000000a064a00000,0x000000a064b00000) (1024K)]
  0x0000025664543650 JavaThread "http-nio-8080-exec-4"       daemon [_thread_blocked, id=19328, stack(0x000000a064c00000,0x000000a064d00000) (1024K)]
  0x0000025664543ce0 JavaThread "http-nio-8080-exec-5"       daemon [_thread_blocked, id=21064, stack(0x000000a064d00000,0x000000a064e00000) (1024K)]
  0x0000025664545db0 JavaThread "http-nio-8080-exec-6"       daemon [_thread_blocked, id=10144, stack(0x000000a064e00000,0x000000a064f00000) (1024K)]
  0x000002566307dd00 JavaThread "http-nio-8080-exec-7"       daemon [_thread_blocked, id=20320, stack(0x000000a064f00000,0x000000a065000000) (1024K)]
  0x0000025663081ea0 JavaThread "http-nio-8080-exec-8"       daemon [_thread_blocked, id=6556, stack(0x000000a065000000,0x000000a065100000) (1024K)]
  0x000002566307ea20 JavaThread "http-nio-8080-exec-9"       daemon [_thread_blocked, id=16064, stack(0x000000a065100000,0x000000a065200000) (1024K)]
  0x0000025663082530 JavaThread "http-nio-8080-exec-10"      daemon [_thread_blocked, id=5392, stack(0x000000a065200000,0x000000a065300000) (1024K)]
  0x00000256630838e0 JavaThread "http-nio-8080-Poller"       daemon [_thread_in_native, id=20312, stack(0x000000a065300000,0x000000a065400000) (1024K)]
  0x0000025663083f70 JavaThread "http-nio-8080-Acceptor"     daemon [_thread_in_native, id=21688, stack(0x000000a065400000,0x000000a065500000) (1024K)]
Total: 43

Other Threads:
  0x000002561cabb020 VMThread "VM Thread"                           [id=18988, stack(0x000000a062100000,0x000000a062200000) (1024K)]
  0x000002561caa28f0 WatcherThread "VM Periodic Task Thread"        [id=21140, stack(0x000000a062000000,0x000000a062100000) (1024K)]
  0x000002560c4b9370 WorkerThread "GC Thread#0"                     [id=6580, stack(0x000000a061b00000,0x000000a061c00000) (1024K)]
  0x0000025662797040 WorkerThread "GC Thread#1"                     [id=21004, stack(0x000000a063400000,0x000000a063500000) (1024K)]
  0x00000256627973f0 WorkerThread "GC Thread#2"                     [id=10164, stack(0x000000a063500000,0x000000a063600000) (1024K)]
  0x000002566283b6b0 WorkerThread "GC Thread#3"                     [id=21388, stack(0x000000a063600000,0x000000a063700000) (1024K)]
  0x0000025662867400 WorkerThread "GC Thread#4"                     [id=5668, stack(0x000000a063700000,0x000000a063800000) (1024K)]
  0x0000025662867fd0 WorkerThread "GC Thread#5"                     [id=10964, stack(0x000000a063800000,0x000000a063900000) (1024K)]
  0x0000025662868380 WorkerThread "GC Thread#6"                     [id=9952, stack(0x000000a063900000,0x000000a063a00000) (1024K)]
  0x0000025662868f40 WorkerThread "GC Thread#7"                     [id=9032, stack(0x000000a063a00000,0x000000a063b00000) (1024K)]
  0x000002560a38de40 ConcurrentGCThread "G1 Main Marker"            [id=21468, stack(0x000000a061c00000,0x000000a061d00000) (1024K)]
  0x000002560a38e860 WorkerThread "G1 Conc#0"                       [id=10740, stack(0x000000a061d00000,0x000000a061e00000) (1024K)]
  0x00000256630d0430 WorkerThread "G1 Conc#1"                       [id=17116, stack(0x000000a064200000,0x000000a064300000) (1024K)]
  0x000002561c9785c0 ConcurrentGCThread "G1 Refine#0"               [id=8036, stack(0x000000a061e00000,0x000000a061f00000) (1024K)]
  0x000002561c979f00 ConcurrentGCThread "G1 Service"                [id=9260, stack(0x000000a061f00000,0x000000a062000000) (1024K)]
Total: 15

Threads with active compile tasks:
Total: 0

VM state: not at safepoint (normal execution)

VM Mutex/Monitor currently owned by a thread: None

Heap address: 0x0000000082600000, size: 2010 MB, Compressed Oops mode: 32-bit

CDS archive(s) mapped at: [0x000002561d000000-0x000002561dc60000-0x000002561dc60000), size 12976128, SharedBaseAddress: 0x000002561d000000, ArchiveRelocationMode: 1.
Compressed class space mapped at: 0x000002561e000000-0x000002565e000000, reserved size: 1073741824
Narrow klass base: 0x000002561d000000, Narrow klass shift: 0, Narrow klass range: 0x41000000

GC Precious Log:
 CardTable entry size: 512
 Card Set container configuration: InlinePtr #cards 5 size 8 Array Of Cards #cards 12 size 40 Howl #buckets 4 coarsen threshold 1843 Howl Bitmap #cards 512 size 80 coarsen threshold 460 Card regions per heap region 1 cards per card region 2048
 CPUs: 8 total, 8 available
 Memory: 8033M
 Large Page Support: Disabled
 NUMA Support: Disabled
 Compressed Oops: Enabled (32-bit)
 Heap Region Size: 1M
 Heap Min Capacity: 8M
 Heap Initial Capacity: 126M
 Heap Max Capacity: 2010M
 Pre-touch: Disabled
 Parallel Workers: 8
 Concurrent Workers: 2
 Concurrent Refinement Workers: 8
 Periodic GC: Disabled

Heap:
 garbage-first heap   total reserved 2058240K, committed 57344K, used 30832K [0x0000000082600000, 0x0000000100000000)
  region size 1024K, 15 young (15360K), 4 survivors (4096K)
 Metaspace       used 40859K, committed 41600K, reserved 1114112K
  class space    used 5710K, committed 6080K, reserved 1048576K

Heap Regions: E=young(eden), S=young(survivor), O=old, HS=humongous(starts), HC=humongous(continues), CS=collection set, F=free, TAMS=top-at-mark-start, PB=parsable bottom
|   0|0x0000000082600000, 0x00000000826fffd8, 0x0000000082700000| 99%| O|  |TAMS 0x0000000082600000| PB 0x0000000082600000| Untracked |  0
|   1|0x0000000082700000, 0x00000000827ffff0, 0x0000000082800000| 99%| O|  |TAMS 0x0000000082700000| PB 0x0000000082700000| Untracked |  0
|   2|0x0000000082800000, 0x00000000828fffd0, 0x0000000082900000| 99%| O|  |TAMS 0x0000000082800000| PB 0x0000000082800000| Untracked |  0
|   3|0x0000000082900000, 0x00000000829fffc8, 0x0000000082a00000| 99%| O|  |TAMS 0x0000000082900000| PB 0x0000000082900000| Untracked |  0
|   4|0x0000000082a00000, 0x0000000082b00000, 0x0000000082b00000|100%| O|  |TAMS 0x0000000082a00000| PB 0x0000000082a00000| Untracked |  0
|   5|0x0000000082b00000, 0x0000000082c00000, 0x0000000082c00000|100%| O|  |TAMS 0x0000000082b00000| PB 0x0000000082b00000| Untracked |  0
|   6|0x0000000082c00000, 0x0000000082cffff0, 0x0000000082d00000| 99%| O|  |TAMS 0x0000000082c00000| PB 0x0000000082c00000| Untracked |  0
|   7|0x0000000082d00000, 0x0000000082e00000, 0x0000000082e00000|100%| O|  |TAMS 0x0000000082d00000| PB 0x0000000082d00000| Untracked |  0
|   8|0x0000000082e00000, 0x0000000082effff8, 0x0000000082f00000| 99%| O|  |TAMS 0x0000000082e00000| PB 0x0000000082e00000| Untracked |  0
|   9|0x0000000082f00000, 0x0000000082fffff8, 0x0000000083000000| 99%| O|  |TAMS 0x0000000082f00000| PB 0x0000000082f00000| Untracked |  0
|  10|0x0000000083000000, 0x0000000083100000, 0x0000000083100000|100%| O|  |TAMS 0x0000000083000000| PB 0x0000000083000000| Untracked |  0
|  11|0x0000000083100000, 0x00000000831fffa0, 0x0000000083200000| 99%| O|  |TAMS 0x0000000083100000| PB 0x0000000083100000| Untracked |  0
|  12|0x0000000083200000, 0x00000000832ffff8, 0x0000000083300000| 99%| O|  |TAMS 0x0000000083200000| PB 0x0000000083200000| Untracked |  0
|  13|0x0000000083300000, 0x00000000833ffdc8, 0x0000000083400000| 99%| O|  |TAMS 0x0000000083300000| PB 0x0000000083300000| Untracked |  0
|  14|0x0000000083400000, 0x00000000834ffff8, 0x0000000083500000| 99%| O|  |TAMS 0x0000000083400000| PB 0x0000000083400000| Untracked |  0
|  15|0x0000000083500000, 0x0000000083585680, 0x0000000083600000| 52%| O|  |TAMS 0x0000000083500000| PB 0x0000000083500000| Untracked |  0
|  16|0x0000000083600000, 0x0000000083674eb8, 0x0000000083700000| 45%| O|  |TAMS 0x0000000083600000| PB 0x0000000083600000| Untracked |  0
|  17|0x0000000083700000, 0x0000000083761148, 0x0000000083800000| 37%| O|  |TAMS 0x0000000083700000| PB 0x0000000083700000| Untracked |  0
|  18|0x0000000083800000, 0x00000000838965f0, 0x0000000083900000| 58%| O|  |TAMS 0x0000000083800000| PB 0x0000000083800000| Untracked |  0
|  19|0x0000000083900000, 0x0000000083900000, 0x0000000083a00000|  0%| F|  |TAMS 0x0000000083900000| PB 0x0000000083900000| Untracked |  0
|  20|0x0000000083a00000, 0x0000000083a00000, 0x0000000083b00000|  0%| F|  |TAMS 0x0000000083a00000| PB 0x0000000083a00000| Untracked |  0
|  21|0x0000000083b00000, 0x0000000083b00000, 0x0000000083c00000|  0%| F|  |TAMS 0x0000000083b00000| PB 0x0000000083b00000| Untracked |  0
|  22|0x0000000083c00000, 0x0000000083c2a7b0, 0x0000000083d00000| 16%| S|CS|TAMS 0x0000000083c00000| PB 0x0000000083c00000| Complete |  0
|  23|0x0000000083d00000, 0x0000000083e00000, 0x0000000083e00000|100%| S|CS|TAMS 0x0000000083d00000| PB 0x0000000083d00000| Complete |  0
|  24|0x0000000083e00000, 0x0000000083f00000, 0x0000000083f00000|100%| S|CS|TAMS 0x0000000083e00000| PB 0x0000000083e00000| Complete |  0
|  25|0x0000000083f00000, 0x0000000084000000, 0x0000000084000000|100%| S|CS|TAMS 0x0000000083f00000| PB 0x0000000083f00000| Complete |  0
|  26|0x0000000084000000, 0x0000000084000000, 0x0000000084100000|  0%| F|  |TAMS 0x0000000084000000| PB 0x0000000084000000| Untracked |  0
|  27|0x0000000084100000, 0x0000000084100000, 0x0000000084200000|  0%| F|  |TAMS 0x0000000084100000| PB 0x0000000084100000| Untracked |  0
|  28|0x0000000084200000, 0x0000000084200000, 0x0000000084300000|  0%| F|  |TAMS 0x0000000084200000| PB 0x0000000084200000| Untracked |  0
|  29|0x0000000084300000, 0x0000000084300000, 0x0000000084400000|  0%| F|  |TAMS 0x0000000084300000| PB 0x0000000084300000| Untracked |  0
|  30|0x0000000084400000, 0x0000000084400000, 0x0000000084500000|  0%| F|  |TAMS 0x0000000084400000| PB 0x0000000084400000| Untracked |  0
|  31|0x0000000084500000, 0x0000000084500000, 0x0000000084600000|  0%| F|  |TAMS 0x0000000084500000| PB 0x0000000084500000| Untracked |  0
|  32|0x0000000084600000, 0x0000000084600000, 0x0000000084700000|  0%| F|  |TAMS 0x0000000084600000| PB 0x0000000084600000| Untracked |  0
|  33|0x0000000084700000, 0x0000000084700000, 0x0000000084800000|  0%| F|  |TAMS 0x0000000084700000| PB 0x0000000084700000| Untracked |  0
|  34|0x0000000084800000, 0x0000000084800000, 0x0000000084900000|  0%| F|  |TAMS 0x0000000084800000| PB 0x0000000084800000| Untracked |  0
|  35|0x0000000084900000, 0x0000000084900000, 0x0000000084a00000|  0%| F|  |TAMS 0x0000000084900000| PB 0x0000000084900000| Untracked |  0
|  36|0x0000000084a00000, 0x0000000084a00000, 0x0000000084b00000|  0%| F|  |TAMS 0x0000000084a00000| PB 0x0000000084a00000| Untracked |  0
|  37|0x0000000084b00000, 0x0000000084b00000, 0x0000000084c00000|  0%| F|  |TAMS 0x0000000084b00000| PB 0x0000000084b00000| Untracked |  0
|  38|0x0000000084c00000, 0x0000000084c00000, 0x0000000084d00000|  0%| F|  |TAMS 0x0000000084c00000| PB 0x0000000084c00000| Untracked |  0
|  39|0x0000000084d00000, 0x0000000084d00000, 0x0000000084e00000|  0%| F|  |TAMS 0x0000000084d00000| PB 0x0000000084d00000| Untracked |  0
|  40|0x0000000084e00000, 0x0000000084e00000, 0x0000000084f00000|  0%| F|  |TAMS 0x0000000084e00000| PB 0x0000000084e00000| Untracked |  0
|  41|0x0000000084f00000, 0x0000000084f00000, 0x0000000085000000|  0%| F|  |TAMS 0x0000000084f00000| PB 0x0000000084f00000| Untracked |  0
|  42|0x0000000085000000, 0x0000000085000000, 0x0000000085100000|  0%| F|  |TAMS 0x0000000085000000| PB 0x0000000085000000| Untracked |  0
|  43|0x0000000085100000, 0x0000000085100000, 0x0000000085200000|  0%| F|  |TAMS 0x0000000085100000| PB 0x0000000085100000| Untracked |  0
|  44|0x0000000085200000, 0x0000000085200000, 0x0000000085300000|  0%| F|  |TAMS 0x0000000085200000| PB 0x0000000085200000| Untracked |  0
|  45|0x0000000085300000, 0x0000000085341558, 0x0000000085400000| 25%| E|  |TAMS 0x0000000085300000| PB 0x0000000085300000| Complete |  0
|  46|0x0000000085400000, 0x0000000085500000, 0x0000000085500000|100%| E|CS|TAMS 0x0000000085400000| PB 0x0000000085400000| Complete |  0
|  47|0x0000000085500000, 0x0000000085600000, 0x0000000085600000|100%| E|CS|TAMS 0x0000000085500000| PB 0x0000000085500000| Complete |  0
| 110|0x0000000089400000, 0x0000000089500000, 0x0000000089500000|100%| E|CS|TAMS 0x0000000089400000| PB 0x0000000089400000| Complete |  0
| 111|0x0000000089500000, 0x0000000089600000, 0x0000000089600000|100%| E|CS|TAMS 0x0000000089500000| PB 0x0000000089500000| Complete |  0
| 112|0x0000000089600000, 0x0000000089700000, 0x0000000089700000|100%| E|CS|TAMS 0x0000000089600000| PB 0x0000000089600000| Complete |  0
| 113|0x0000000089700000, 0x0000000089800000, 0x0000000089800000|100%| E|CS|TAMS 0x0000000089700000| PB 0x0000000089700000| Complete |  0
| 114|0x0000000089800000, 0x0000000089900000, 0x0000000089900000|100%| E|CS|TAMS 0x0000000089800000| PB 0x0000000089800000| Complete |  0
| 124|0x000000008a200000, 0x000000008a300000, 0x000000008a300000|100%| E|CS|TAMS 0x000000008a200000| PB 0x000000008a200000| Complete |  0
| 125|0x000000008a300000, 0x000000008a400000, 0x000000008a400000|100%| E|CS|TAMS 0x000000008a300000| PB 0x000000008a300000| Complete |  0
|2009|0x00000000fff00000, 0x0000000100000000, 0x0000000100000000|100%| E|CS|TAMS 0x00000000fff00000| PB 0x00000000fff00000| Complete |  0

Card table byte_map: [0x0000025617ca0000,0x0000025618090000] _byte_map_base: 0x000002561788d000

Marking Bits: (CMBitMap*) 0x000002560c4ba1a0
 Bits: [0x0000025618090000, 0x0000025619ff8000)

Polling page: 0x000002560a3a0000

Metaspace:

Usage:
  Non-class:     34.33 MB used.
      Class:      5.58 MB used.
       Both:     39.90 MB used.

Virtual space:
  Non-class space:       64.00 MB reserved,      34.69 MB ( 54%) committed,  1 nodes.
      Class space:        1.00 GB reserved,       5.94 MB ( <1%) committed,  1 nodes.
             Both:        1.06 GB reserved,      40.62 MB (  4%) committed. 

Chunk freelists:
   Non-Class:  12.54 MB
       Class:  10.00 MB
        Both:  22.54 MB

MaxMetaspaceSize: unlimited
CompressedClassSpaceSize: 1.00 GB
Initial GC threshold: 21.00 MB
Current GC threshold: 67.75 MB
CDS: on
 - commit_granule_bytes: 65536.
 - commit_granule_words: 8192.
 - virtual_space_node_default_size: 8388608.
 - enlarge_chunks_in_place: 1.
 - use_allocation_guard: 0.


Internal statistics:

num_allocs_failed_limit: 3.
num_arena_births: 1104.
num_arena_deaths: 404.
num_vsnodes_births: 2.
num_vsnodes_deaths: 0.
num_space_committed: 650.
num_space_uncommitted: 0.
num_chunks_returned_to_freelist: 447.
num_chunks_taken_from_freelist: 2596.
num_chunk_merges: 103.
num_chunk_splits: 1685.
num_chunks_enlarged: 1248.
num_inconsistent_stats: 0.

CodeCache: size=49152Kb used=11657Kb max_used=13178Kb free=37494Kb
 bounds [0x00000256147a0000, 0x0000025615480000, 0x00000256177a0000]
 total_blobs=6316 nmethods=5715 adapters=525
 compilation: enabled
              stopped_count=0, restarted_count=0
 full_count=0

Compilation events (20 events):
Event: 144.567 Thread 0x000002561caeed90 6723       1       org.springframework.boot.devtools.filewatch.FileSystemWatcher$Watcher::isDifferent (105 bytes)
Event: 144.568 Thread 0x000002561caeed90 nmethod 6723 0x0000025614b1c190 code [0x0000025614b1c3e0, 0x0000025614b1c850]
Event: 146.588 Thread 0x000002561caeed90 6724       1       sun.nio.ch.NioSocketImpl::ensureOpen (35 bytes)
Event: 146.588 Thread 0x000002561caeed90 nmethod 6724 0x00000256150b5d90 code [0x00000256150b5f60, 0x00000256150b6180]
Event: 149.727 Thread 0x000002561caeed90 6725       1       java.util.concurrent.locks.AbstractQueuedSynchronizer$ConditionObject::awaitNanos (207 bytes)
Event: 149.728 Thread 0x000002561caeed90 nmethod 6725 0x0000025614f10d90 code [0x0000025614f10fe0, 0x0000025614f11730]
Event: 156.566 Thread 0x000002561caeed90 6726       1       org.bson.BsonBinaryReader::doReadStartDocument (55 bytes)
Event: 156.566 Thread 0x000002561caeed90 nmethod 6726 0x0000025614bcad90 code [0x0000025614bcaf80, 0x0000025614bcb488]
Event: 156.566 Thread 0x000002561caeed90 6729       1       com.mongodb.internal.connection.ProtocolHelper::getField (81 bytes)
Event: 156.567 Thread 0x000002561caeed90 nmethod 6729 0x0000025614bb7290 code [0x0000025614bb7520, 0x0000025614bb7d58]
Event: 156.567 Thread 0x000002561caeed90 6727       1       org.bson.AbstractBsonReader::readStartDocument (22 bytes)
Event: 156.567 Thread 0x000002561caeed90 nmethod 6727 0x0000025615065890 code [0x0000025615065a60, 0x0000025615065cb8]
Event: 156.567 Thread 0x000002561caeed90 6728       1       java.nio.HeapByteBufferR::<init> (21 bytes)
Event: 156.567 Thread 0x000002561caeed90 nmethod 6728 0x0000025614ef4810 code [0x0000025614ef49a0, 0x0000025614ef4b18]
Event: 156.592 Thread 0x000002561caeed90 6730       1       com.mongodb.internal.connection.ByteBufferBsonOutput::getPosition (9 bytes)
Event: 156.592 Thread 0x000002561caeed90 nmethod 6730 0x0000025614ef6d90 code [0x0000025614ef6f40, 0x0000025614ef70b8]
Event: 156.592 Thread 0x000002561caeed90 6731       1       java.lang.invoke.VarHandleReferences$FieldInstanceReadWrite::setRelease (35 bytes)
Event: 156.593 Thread 0x000002561caeed90 nmethod 6731 0x0000025614b3d190 code [0x0000025614b3d3a0, 0x0000025614b3d808]
Event: 156.593 Thread 0x000002561caeed90 6732       1       org.bson.ByteBufNIO::order (11 bytes)
Event: 156.593 Thread 0x000002561caeed90 nmethod 6732 0x0000025614d2fe90 code [0x0000025614d30020, 0x0000025614d30120]

GC Heap History (20 events):
Event: 2.988 GC heap before
{Heap before GC invocations=14 (full 0):
 garbage-first heap   total reserved 2058240K, committed 47104K, used 39934K [0x0000000082600000, 0x0000000100000000)
  region size 1024K, 26 young (26624K), 2 survivors (2048K)
 Metaspace       used 32384K, committed 32960K, reserved 1114112K
  class space    used 4428K, committed 4672K, reserved 1048576K
}
Event: 2.991 GC heap after
{Heap after GC invocations=15 (full 0):
 garbage-first heap   total reserved 2058240K, committed 57344K, used 16691K [0x0000000082600000, 0x0000000100000000)
  region size 1024K, 2 young (2048K), 2 survivors (2048K)
 Metaspace       used 32384K, committed 32960K, reserved 1114112K
  class space    used 4428K, committed 4672K, reserved 1048576K
}
Event: 3.321 GC heap before
{Heap before GC invocations=15 (full 0):
 garbage-first heap   total reserved 2058240K, committed 57344K, used 48435K [0x0000000082600000, 0x0000000100000000)
  region size 1024K, 33 young (33792K), 2 survivors (2048K)
 Metaspace       used 35004K, committed 35648K, reserved 1114112K
  class space    used 4872K, committed 5184K, reserved 1048576K
}
Event: 3.324 GC heap after
{Heap after GC invocations=16 (full 0):
 garbage-first heap   total reserved 2058240K, committed 57344K, used 17962K [0x0000000082600000, 0x0000000100000000)
  region size 1024K, 4 young (4096K), 4 survivors (4096K)
 Metaspace       used 35004K, committed 35648K, reserved 1114112K
  class space    used 4872K, committed 5184K, reserved 1048576K
}
Event: 3.570 GC heap before
{Heap before GC invocations=16 (full 0):
 garbage-first heap   total reserved 2058240K, committed 57344K, used 47658K [0x0000000082600000, 0x0000000100000000)
  region size 1024K, 33 young (33792K), 4 survivors (4096K)
 Metaspace       used 37188K, committed 37824K, reserved 1114112K
  class space    used 5215K, committed 5504K, reserved 1048576K
}
Event: 3.574 GC heap after
{Heap after GC invocations=17 (full 0):
 garbage-first heap   total reserved 2058240K, committed 57344K, used 19988K [0x0000000082600000, 0x0000000100000000)
  region size 1024K, 5 young (5120K), 5 survivors (5120K)
 Metaspace       used 37188K, committed 37824K, reserved 1114112K
  class space    used 5215K, committed 5504K, reserved 1048576K
}
Event: 11.283 GC heap before
{Heap before GC invocations=17 (full 0):
 garbage-first heap   total reserved 2058240K, committed 57344K, used 36372K [0x0000000082600000, 0x0000000100000000)
  region size 1024K, 22 young (22528K), 5 survivors (5120K)
 Metaspace       used 38409K, committed 39040K, reserved 1114112K
  class space    used 5421K, committed 5696K, reserved 1048576K
}
Event: 11.313 GC heap after
{Heap after GC invocations=18 (full 1):
 garbage-first heap   total reserved 2058240K, committed 57344K, used 17341K [0x0000000082600000, 0x0000000100000000)
  region size 1024K, 0 young (0K), 0 survivors (0K)
 Metaspace       used 38406K, committed 39040K, reserved 1114112K
  class space    used 5420K, committed 5696K, reserved 1048576K
}
Event: 11.805 GC heap before
{Heap before GC invocations=18 (full 1):
 garbage-first heap   total reserved 2058240K, committed 57344K, used 50109K [0x0000000082600000, 0x0000000100000000)
  region size 1024K, 32 young (32768K), 0 survivors (0K)
 Metaspace       used 38503K, committed 39168K, reserved 1114112K
  class space    used 5433K, committed 5696K, reserved 1048576K
}
Event: 11.808 GC heap after
{Heap after GC invocations=19 (full 1):
 garbage-first heap   total reserved 2058240K, committed 57344K, used 20599K [0x0000000082600000, 0x0000000100000000)
  region size 1024K, 4 young (4096K), 4 survivors (4096K)
 Metaspace       used 38503K, committed 39168K, reserved 1114112K
  class space    used 5433K, committed 5696K, reserved 1048576K
}
Event: 96.843 GC heap before
{Heap before GC invocations=19 (full 1):
 garbage-first heap   total reserved 2058240K, committed 57344K, used 45175K [0x0000000082600000, 0x0000000100000000)
  region size 1024K, 29 young (29696K), 4 survivors (4096K)
 Metaspace       used 40176K, committed 40960K, reserved 1114112K
  class space    used 5664K, committed 6016K, reserved 1048576K
}
Event: 96.847 GC heap after
{Heap after GC invocations=20 (full 1):
 garbage-first heap   total reserved 2058240K, committed 57344K, used 20770K [0x0000000082600000, 0x0000000100000000)
  region size 1024K, 2 young (2048K), 2 survivors (2048K)
 Metaspace       used 40176K, committed 40960K, reserved 1114112K
  class space    used 5664K, committed 6016K, reserved 1048576K
}
Event: 97.178 GC heap before
{Heap before GC invocations=20 (full 1):
 garbage-first heap   total reserved 2058240K, committed 57344K, used 26914K [0x0000000082600000, 0x0000000100000000)
  region size 1024K, 9 young (9216K), 2 survivors (2048K)
 Metaspace       used 40849K, committed 41600K, reserved 1114112K
  class space    used 5740K, committed 6080K, reserved 1048576K
}
Event: 97.206 GC heap after
{Heap after GC invocations=21 (full 2):
 garbage-first heap   total reserved 2058240K, committed 57344K, used 15131K [0x0000000082600000, 0x0000000100000000)
  region size 1024K, 0 young (0K), 0 survivors (0K)
 Metaspace       used 40542K, committed 41600K, reserved 1114112K
  class space    used 5655K, committed 6080K, reserved 1048576K
}
Event: 98.430 GC heap before
{Heap before GC invocations=21 (full 2):
 garbage-first heap   total reserved 2058240K, committed 57344K, used 47899K [0x0000000082600000, 0x0000000100000000)
  region size 1024K, 33 young (33792K), 0 survivors (0K)
 Metaspace       used 40703K, committed 41600K, reserved 1114112K
  class space    used 5694K, committed 6080K, reserved 1048576K
}
Event: 98.433 GC heap after
{Heap after GC invocations=22 (full 2):
 garbage-first heap   total reserved 2058240K, committed 57344K, used 19440K [0x0000000082600000, 0x0000000100000000)
  region size 1024K, 5 young (5120K), 5 survivors (5120K)
 Metaspace       used 40703K, committed 41600K, reserved 1114112K
  class space    used 5694K, committed 6080K, reserved 1048576K
}
Event: 106.099 GC heap before
{Heap before GC invocations=22 (full 2):
 garbage-first heap   total reserved 2058240K, committed 57344K, used 31728K [0x0000000082600000, 0x0000000100000000)
  region size 1024K, 18 young (18432K), 5 survivors (5120K)
 Metaspace       used 40818K, committed 41600K, reserved 1114112K
  class space    used 5713K, committed 6080K, reserved 1048576K
}
Event: 106.128 GC heap after
{Heap after GC invocations=23 (full 3):
 garbage-first heap   total reserved 2058240K, committed 57344K, used 17350K [0x0000000082600000, 0x0000000100000000)
  region size 1024K, 0 young (0K), 0 survivors (0K)
 Metaspace       used 40761K, committed 41600K, reserved 1114112K
  class space    used 5699K, committed 6080K, reserved 1048576K
}
Event: 106.604 GC heap before
{Heap before GC invocations=23 (full 3):
 garbage-first heap   total reserved 2058240K, committed 57344K, used 47046K [0x0000000082600000, 0x0000000100000000)
  region size 1024K, 30 young (30720K), 0 survivors (0K)
 Metaspace       used 40821K, committed 41600K, reserved 1114112K
  class space    used 5707K, committed 6080K, reserved 1048576K
}
Event: 106.608 GC heap after
{Heap after GC invocations=24 (full 3):
 garbage-first heap   total reserved 2058240K, committed 57344K, used 20592K [0x0000000082600000, 0x0000000100000000)
  region size 1024K, 4 young (4096K), 4 survivors (4096K)
 Metaspace       used 40821K, committed 41600K, reserved 1114112K
  class space    used 5707K, committed 6080K, reserved 1048576K
}

Dll operation events (12 events):
Event: 0.012 Loaded shared library C:\Program Files\Java\jdk-22\bin\java.dll
Event: 0.172 Loaded shared library C:\Program Files\Java\jdk-22\bin\zip.dll
Event: 0.180 Loaded shared library C:\Program Files\Java\jdk-22\bin\instrument.dll
Event: 0.188 Loaded shared library C:\Program Files\Java\jdk-22\bin\net.dll
Event: 0.190 Loaded shared library C:\Program Files\Java\jdk-22\bin\nio.dll
Event: 0.193 Loaded shared library C:\Program Files\Java\jdk-22\bin\zip.dll
Event: 0.295 Loaded shared library C:\Program Files\Java\jdk-22\bin\jimage.dll
Event: 0.332 Loaded shared library C:\Program Files\Java\jdk-22\bin\management.dll
Event: 0.340 Loaded shared library C:\Program Files\Java\jdk-22\bin\management_ext.dll
Event: 0.501 Loaded shared library C:\Program Files\Java\jdk-22\bin\extnet.dll
Event: 0.515 Loaded shared library C:\Program Files\Java\jdk-22\bin\verify.dll
Event: 1.556 Loaded shared library C:\Program Files\Java\jdk-22\bin\sunmscapi.dll

Deoptimization events (20 events):
Event: 106.708 Thread 0x000002566453fb40 DEOPT PACKING pc=0x0000025614f3bed4 sp=0x000000a062cfe920
Event: 106.708 Thread 0x000002566453fb40 DEOPT UNPACKING pc=0x00000256147f4e42 sp=0x000000a062cfde80 mode 1
Event: 106.708 Thread 0x000002566453fb40 DEOPT PACKING pc=0x0000025615216644 sp=0x000000a062cfea40
Event: 106.708 Thread 0x000002566453fb40 DEOPT UNPACKING pc=0x00000256147f4e42 sp=0x000000a062cfdf00 mode 1
Event: 106.708 Thread 0x000002566453fb40 DEOPT PACKING pc=0x0000025614f3bed4 sp=0x000000a062cfe880
Event: 106.708 Thread 0x000002566453fb40 DEOPT UNPACKING pc=0x00000256147f4e42 sp=0x000000a062cfdde0 mode 1
Event: 106.708 Thread 0x000002566453fb40 DEOPT PACKING pc=0x0000025615216644 sp=0x000000a062cfe9a0
Event: 106.708 Thread 0x000002566453fb40 DEOPT UNPACKING pc=0x00000256147f4e42 sp=0x000000a062cfde60 mode 1
Event: 106.711 Thread 0x000002566453fb40 DEOPT PACKING pc=0x0000025615290984 sp=0x000000a062cfddc0
Event: 106.711 Thread 0x000002566453fb40 DEOPT UNPACKING pc=0x00000256147f4e42 sp=0x000000a062cfd338 mode 1
Event: 106.711 Thread 0x000002566453fb40 DEOPT PACKING pc=0x0000025615290984 sp=0x000000a062cfdd30
Event: 106.711 Thread 0x000002566453fb40 DEOPT UNPACKING pc=0x00000256147f4e42 sp=0x000000a062cfd2a8 mode 1
Event: 106.723 Thread 0x000002566453fb40 DEOPT PACKING pc=0x0000025615290984 sp=0x000000a062cfebb0
Event: 106.723 Thread 0x000002566453fb40 DEOPT UNPACKING pc=0x00000256147f4e42 sp=0x000000a062cfe128 mode 1
Event: 106.723 Thread 0x000002566453fb40 DEOPT PACKING pc=0x0000025615290984 sp=0x000000a062cfeb40
Event: 106.723 Thread 0x000002566453fb40 DEOPT UNPACKING pc=0x00000256147f4e42 sp=0x000000a062cfe0b8 mode 1
Event: 106.723 Thread 0x000002566453fb40 DEOPT PACKING pc=0x0000025615290984 sp=0x000000a062cfead0
Event: 106.723 Thread 0x000002566453fb40 DEOPT UNPACKING pc=0x00000256147f4e42 sp=0x000000a062cfe048 mode 1
Event: 157.985 Thread 0x0000025664542fc0 DEOPT PACKING pc=0x0000025614daff34 sp=0x000000a0649fda60
Event: 157.985 Thread 0x0000025664542fc0 DEOPT UNPACKING pc=0x00000256147f4e42 sp=0x000000a0649fcf08 mode 0

Classes loaded (20 events):
Event: 24.640 Loading class java/util/ArrayList$SubList$2
Event: 24.640 Loading class java/util/ArrayList$SubList$2 done
Event: 96.817 Loading class java/util/concurrent/ConcurrentHashMap$TreeBin
Event: 96.817 Loading class java/util/concurrent/ConcurrentHashMap$TreeBin done
Event: 97.066 Loading class java/lang/Throwable$WrappedPrintStream
Event: 97.066 Loading class java/lang/Throwable$WrappedPrintStream done
Event: 97.093 Loading class java/time/format/DateTimeFormatterBuilder$ZoneTextPrinterParser
Event: 97.094 Loading class java/time/format/DateTimeFormatterBuilder$ZoneTextPrinterParser done
Event: 97.094 Loading class java/time/format/DateTimeFormatterBuilder$ReducedPrinterParser
Event: 97.094 Loading class java/time/format/DateTimeFormatterBuilder$ReducedPrinterParser done
Event: 97.102 Loading class java/util/OptionalLong
Event: 97.103 Loading class java/util/OptionalLong done
Event: 97.103 Loading class java/util/OptionalDouble
Event: 97.103 Loading class java/util/OptionalDouble done
Event: 97.104 Loading class java/util/stream/LongStream
Event: 97.104 Loading class java/util/stream/LongStream done
Event: 97.104 Loading class java/util/stream/DoubleStream
Event: 97.104 Loading class java/util/stream/DoubleStream done
Event: 98.451 Loading class java/time/DurationEditor
Event: 98.451 Loading class java/time/DurationEditor done

Classes unloaded (20 events):
Event: 106.107 Thread 0x000002561cabb020 Unloading class 0x000002561e518c00 'java/lang/invoke/LambdaForm$MH+0x000002561e518c00'
Event: 106.107 Thread 0x000002561cabb020 Unloading class 0x000002561e518400 'java/lang/invoke/LambdaForm$MH+0x000002561e518400'
Event: 106.107 Thread 0x000002561cabb020 Unloading class 0x000002561e511400 'java/lang/invoke/LambdaForm$MH+0x000002561e511400'
Event: 106.107 Thread 0x000002561cabb020 Unloading class 0x000002561e510c00 'java/lang/invoke/LambdaForm$MH+0x000002561e510c00'
Event: 106.107 Thread 0x000002561cabb020 Unloading class 0x000002561e4dcc00 'java/lang/invoke/LambdaForm$MH+0x000002561e4dcc00'
Event: 106.107 Thread 0x000002561cabb020 Unloading class 0x000002561e4dc000 'java/lang/invoke/LambdaForm$MH+0x000002561e4dc000'
Event: 106.107 Thread 0x000002561cabb020 Unloading class 0x000002561e4bc800 'java/lang/invoke/LambdaForm$MH+0x000002561e4bc800'
Event: 106.107 Thread 0x000002561cabb020 Unloading class 0x000002561e490c00 'java/lang/invoke/LambdaForm$MH+0x000002561e490c00'
Event: 106.107 Thread 0x000002561cabb020 Unloading class 0x000002561e45a000 'java/lang/invoke/LambdaForm$MH+0x000002561e45a000'
Event: 106.107 Thread 0x000002561cabb020 Unloading class 0x000002561e459000 'java/lang/invoke/LambdaForm$MH+0x000002561e459000'
Event: 106.107 Thread 0x000002561cabb020 Unloading class 0x000002561e3e8800 'java/lang/invoke/LambdaForm$MH+0x000002561e3e8800'
Event: 106.107 Thread 0x000002561cabb020 Unloading class 0x000002561e3c9800 'java/lang/invoke/LambdaForm$MH+0x000002561e3c9800'
Event: 106.107 Thread 0x000002561cabb020 Unloading class 0x000002561e3c8400 'java/lang/invoke/LambdaForm$MH+0x000002561e3c8400'
Event: 106.107 Thread 0x000002561cabb020 Unloading class 0x000002561e3c5c00 'java/lang/invoke/LambdaForm$MH+0x000002561e3c5c00'
Event: 106.107 Thread 0x000002561cabb020 Unloading class 0x000002561e3acc00 'java/lang/invoke/LambdaForm$MH+0x000002561e3acc00'
Event: 106.107 Thread 0x000002561cabb020 Unloading class 0x000002561e398800 'java/lang/invoke/LambdaForm$MH+0x000002561e398800'
Event: 106.107 Thread 0x000002561cabb020 Unloading class 0x000002561e182c00 'java/lang/invoke/LambdaForm$MH+0x000002561e182c00'
Event: 106.107 Thread 0x000002561cabb020 Unloading class 0x000002561e181c00 'java/lang/invoke/LambdaForm$MH+0x000002561e181c00'
Event: 106.107 Thread 0x000002561cabb020 Unloading class 0x000002561e181800 'java/lang/invoke/LambdaForm$MH+0x000002561e181800'
Event: 106.107 Thread 0x000002561cabb020 Unloading class 0x000002561e000400 'java/lang/invoke/LambdaForm$MH+0x000002561e000400'

Classes redefined (10 events):
Event: 9.683 Thread 0x000002561cabb020 redefined class name=com.example.demo.controller.DemoController, count=1
Event: 89.058 Thread 0x000002561cabb020 redefined class name=com.example.demo.controller.DemoController, count=2
Event: 89.058 Thread 0x000002561cabb020 redefined class name=com.example.demo.controller.DemoController, count=1
Event: 104.806 Thread 0x000002561cabb020 redefined class name=com.example.demo.controller.DemoController, count=1
Event: 104.806 Thread 0x000002561cabb020 redefined class name=com.example.demo.controller.DemoController, count=3
Event: 104.806 Thread 0x000002561cabb020 redefined class name=com.example.demo.controller.DemoController, count=2
Event: 158.003 Thread 0x000002561cabb020 redefined class name=com.example.demo.controller.DemoController, count=1
Event: 158.003 Thread 0x000002561cabb020 redefined class name=com.example.demo.controller.DemoController, count=2
Event: 158.003 Thread 0x000002561cabb020 redefined class name=com.example.demo.controller.DemoController, count=3
Event: 158.003 Thread 0x000002561cabb020 redefined class name=com.example.demo.controller.DemoController, count=4

Internal exceptions (20 events):
Event: 98.370 Thread 0x0000025663081ea0 Exception <a 'java/io/FileNotFoundException'{0x00000000842d50f0}> (0x00000000842d50f0) 
thrown [s\open\src\hotspot\share\prims\jni.cpp, line 520]
Event: 98.370 Thread 0x0000025663081ea0 Exception <a 'java/io/FileNotFoundException'{0x00000000842d6340}> (0x00000000842d6340) 
thrown [s\open\src\hotspot\share\prims\jni.cpp, line 520]
Event: 98.384 Thread 0x0000025663081ea0 Exception <a 'java/io/FileNotFoundException'{0x00000000841c7938}> (0x00000000841c7938) 
thrown [s\open\src\hotspot\share\prims\jni.cpp, line 520]
Event: 98.399 Thread 0x0000025663081ea0 Exception <a 'sun/nio/fs/WindowsException'{0x0000000083f58e98}> (0x0000000083f58e98) 
thrown [s\open\src\hotspot\share\prims\jni.cpp, line 520]
Event: 98.399 Thread 0x0000025663081ea0 Exception <a 'sun/nio/fs/WindowsException'{0x0000000083f68358}> (0x0000000083f68358) 
thrown [s\open\src\hotspot\share\prims\jni.cpp, line 520]
Event: 98.401 Thread 0x0000025663081ea0 Exception <a 'sun/nio/fs/WindowsException'{0x0000000083f77ef8}> (0x0000000083f77ef8) 
thrown [s\open\src\hotspot\share\prims\jni.cpp, line 520]
Event: 98.554 Thread 0x00000256645401d0 Exception <a 'java/lang/NoSuchMethodError'{0x00000000853a1b30}: static [B.<clinit>()V> (0x00000000853a1b30) 
thrown [s\open\src\hotspot\share\prims\jni.cpp, line 1111]
Event: 98.554 Thread 0x0000025664541c10 Exception <a 'java/lang/NoSuchMethodError'{0x0000000085398a90}: static [B.<clinit>()V> (0x0000000085398a90) 
thrown [s\open\src\hotspot\share\prims\jni.cpp, line 1111]
Event: 106.096 Thread 0x0000025663084600 Exception <a 'java/lang/InterruptedException'{0x0000000085117360}: sleep interrupted> (0x0000000085117360) 
thrown [s\open\src\hotspot\share\prims\jvm.cpp, line 3093]
Event: 106.096 Thread 0x0000025663083f70 Exception <a 'java/io/IOException'{0x00000000851202f8}> (0x00000000851202f8) 
thrown [s\open\src\hotspot\share\prims\jni.cpp, line 520]
Event: 106.099 Thread 0x0000025663080460 Exception <a 'java/lang/InterruptedException'{0x0000000085145a78}: sleep interrupted> (0x0000000085145a78) 
thrown [s\open\src\hotspot\share\prims\jvm.cpp, line 3093]
Event: 106.147 Thread 0x000002566453fb40 Exception <a 'sun/nio/fs/WindowsException'{0x00000000fff7cb28}> (0x00000000fff7cb28) 
thrown [s\open\src\hotspot\share\prims\jni.cpp, line 520]
Event: 106.451 Thread 0x000002566453fb40 Exception <a 'java/lang/NoClassDefFoundError'{0x0000000084825b50}: org/flywaydb/core/Flyway> (0x0000000084825b50) 
thrown [s\open\src\hotspot\share\oops\constantPool.cpp, line 872]
Event: 106.452 Thread 0x000002566453fb40 Exception <a 'java/lang/NoClassDefFoundError'{0x00000000848261b0}: liquibase/integration/spring/SpringLiquibase> (0x00000000848261b0) 
thrown [s\open\src\hotspot\share\oops\constantPool.cpp, line 872]
Event: 106.505 Thread 0x000002566453fb40 Exception <a 'java/io/FileNotFoundException'{0x00000000844842e8}> (0x00000000844842e8) 
thrown [s\open\src\hotspot\share\prims\jni.cpp, line 520]
Event: 106.505 Thread 0x000002566453fb40 Exception <a 'java/io/FileNotFoundException'{0x0000000084485538}> (0x0000000084485538) 
thrown [s\open\src\hotspot\share\prims\jni.cpp, line 520]
Event: 106.522 Thread 0x000002566453fb40 Exception <a 'java/io/FileNotFoundException'{0x000000008436e468}> (0x000000008436e468) 
thrown [s\open\src\hotspot\share\prims\jni.cpp, line 520]
Event: 106.554 Thread 0x000002566453fb40 Exception <a 'sun/nio/fs/WindowsException'{0x00000000842bf6e0}> (0x00000000842bf6e0) 
thrown [s\open\src\hotspot\share\prims\jni.cpp, line 520]
Event: 106.556 Thread 0x000002566453fb40 Exception <a 'sun/nio/fs/WindowsException'{0x00000000842cebb0}> (0x00000000842cebb0) 
thrown [s\open\src\hotspot\share\prims\jni.cpp, line 520]
Event: 106.558 Thread 0x000002566453fb40 Exception <a 'sun/nio/fs/WindowsException'{0x00000000842de758}> (0x00000000842de758) 
thrown [s\open\src\hotspot\share\prims\jni.cpp, line 520]

ZGC Phase Switch (0 events):
No events

VM Operations (20 events):
Event: 157.998 Executing VM operation: RedefineClasses
Event: 158.017 Executing VM operation: RedefineClasses done
Event: 158.032 Executing VM operation: ChangeBreakpoints
Event: 158.034 Executing VM operation: ChangeBreakpoints done
Event: 158.036 Executing VM operation: ChangeBreakpoints
Event: 158.041 Executing VM operation: ChangeBreakpoints done
Event: 158.043 Executing VM operation: ChangeBreakpoints
Event: 158.045 Executing VM operation: ChangeBreakpoints done
Event: 158.047 Executing VM operation: ChangeBreakpoints
Event: 158.048 Executing VM operation: ChangeBreakpoints done
Event: 158.066 Executing VM operation: ChangeBreakpoints
Event: 158.068 Executing VM operation: ChangeBreakpoints done
Event: 158.069 Executing VM operation: ChangeBreakpoints
Event: 158.070 Executing VM operation: ChangeBreakpoints done
Event: 158.073 Executing VM operation: ChangeBreakpoints
Event: 158.078 Executing VM operation: ChangeBreakpoints done
Event: 158.079 Executing VM operation: ChangeBreakpoints
Event: 158.081 Executing VM operation: ChangeBreakpoints done
Event: 158.083 Executing VM operation: ChangeSingleStep
Event: 158.083 Executing VM operation: ChangeSingleStep done

Memory protections (0 events):
No events

Nmethod flushes (20 events):
Event: 106.114 Thread 0x000002561cabb020 flushing  nmethod 0x00000256150af390
Event: 106.114 Thread 0x000002561cabb020 flushing  nmethod 0x00000256150b3490
Event: 106.114 Thread 0x000002561cabb020 flushing  nmethod 0x00000256150b3f90
Event: 106.114 Thread 0x000002561cabb020 flushing  nmethod 0x00000256150b5d90
Event: 106.114 Thread 0x000002561cabb020 flushing  nmethod 0x00000256150e0b10
Event: 106.114 Thread 0x000002561cabb020 flushing  nmethod 0x00000256150e1890
Event: 106.114 Thread 0x000002561cabb020 flushing  nmethod 0x00000256150e2210
Event: 106.114 Thread 0x000002561cabb020 flushing  nmethod 0x00000256150f1190
Event: 106.114 Thread 0x000002561cabb020 flushing  nmethod 0x00000256150f3910
Event: 106.114 Thread 0x000002561cabb020 flushing  nmethod 0x00000256150f5090
Event: 106.114 Thread 0x000002561cabb020 flushing  nmethod 0x000002561510d910
Event: 106.114 Thread 0x000002561cabb020 flushing  nmethod 0x000002561510dc90
Event: 106.114 Thread 0x000002561cabb020 flushing  nmethod 0x0000025615126590
Event: 106.114 Thread 0x000002561cabb020 flushing  nmethod 0x0000025615126d90
Event: 106.114 Thread 0x000002561cabb020 flushing  nmethod 0x0000025615129210
Event: 106.114 Thread 0x000002561cabb020 flushing  nmethod 0x0000025615129510
Event: 106.114 Thread 0x000002561cabb020 flushing  nmethod 0x000002561512ab10
Event: 106.114 Thread 0x000002561cabb020 flushing  nmethod 0x000002561512b090
Event: 106.114 Thread 0x000002561cabb020 flushing  nmethod 0x0000025615142590
Event: 106.114 Thread 0x000002561cabb020 flushing  nmethod 0x0000025615142a90

Events (20 events):
Event: 106.714 Thread 0x000002566453fb40 Thread added: 0x0000025664543650
Event: 106.714 Thread 0x000002566453fb40 Thread added: 0x0000025664543ce0
Event: 106.714 Thread 0x000002566453fb40 Thread added: 0x0000025664545db0
Event: 106.714 Thread 0x000002566453fb40 Thread added: 0x000002566307dd00
Event: 106.714 Thread 0x000002566453fb40 Thread added: 0x0000025663081ea0
Event: 106.714 Thread 0x000002566453fb40 Thread added: 0x000002566307ea20
Event: 106.714 Thread 0x000002566453fb40 Thread added: 0x0000025663082530
Event: 106.716 Thread 0x000002566453fb40 Thread added: 0x00000256630838e0
Event: 106.716 Thread 0x000002566453fb40 Thread added: 0x0000025663083f70
Event: 106.718 Thread 0x00000256645401d0 Thread added: 0x0000025663084600
Event: 106.718 Thread 0x0000025664541c10 Thread added: 0x000002566307e390
Event: 106.725 Thread 0x00000256645401d0 Thread added: 0x000002566307d670
Event: 106.725 Thread 0x0000025663084600 Thread exited: 0x0000025663084600
Event: 106.727 Thread 0x000002566453fb40 Thread exited: 0x000002566453fb40
Event: 106.727 Thread 0x00000256645422a0 Thread exited: 0x00000256645422a0
Event: 106.728 Thread 0x000002566307d670 Thread exited: 0x000002566307d670
Event: 107.746 Thread 0x000002566307e390 Thread exited: 0x000002566307e390
Event: 107.751 Thread 0x00000256645401d0 Thread added: 0x0000025663084600
Event: 108.783 Thread 0x0000025663084600 Thread exited: 0x0000025663084600
Event: 110.729 Thread 0x0000025662651ec0 Thread exited: 0x0000025662651ec0


Dynamic libraries:
0x00007ff7bc840000 - 0x00007ff7bc850000 	C:\Program Files\Java\jdk-22\bin\javaw.exe
0x00007ffd675b0000 - 0x00007ffd677a8000 	C:\WINDOWS\SYSTEM32\ntdll.dll
0x00007ffd674a0000 - 0x00007ffd67561000 	C:\WINDOWS\System32\KERNEL32.DLL
0x00007ffd652e0000 - 0x00007ffd655dd000 	C:\WINDOWS\System32\KERNELBASE.dll
0x00007ffd60740000 - 0x00007ffd607d4000 	C:\WINDOWS\SYSTEM32\apphelp.dll
0x00007ffd64cd0000 - 0x00007ffd64dd0000 	C:\WINDOWS\System32\ucrtbase.dll
0x00007ffd5ac90000 - 0x00007ffd5aca7000 	C:\Program Files\Java\jdk-22\bin\jli.dll
0x00007ffd5b020000 - 0x00007ffd5b03b000 	C:\Program Files\Java\jdk-22\bin\VCRUNTIME140.dll
0x00007ffd65e50000 - 0x00007ffd65fed000 	C:\WINDOWS\System32\USER32.dll
0x00007ffd64e70000 - 0x00007ffd64e92000 	C:\WINDOWS\System32\win32u.dll
0x00007ffd45f30000 - 0x00007ffd461ca000 	C:\WINDOWS\WinSxS\amd64_microsoft.windows.common-controls_6595b64144ccf1df_6.0.19041.4355_none_60b8b9eb71f62e16\COMCTL32.dll
0x00007ffd656b0000 - 0x00007ffd656db000 	C:\WINDOWS\System32\GDI32.dll
0x00007ffd66ee0000 - 0x00007ffd66f7e000 	C:\WINDOWS\System32\msvcrt.dll
0x00007ffd65060000 - 0x00007ffd65177000 	C:\WINDOWS\System32\gdi32full.dll
0x00007ffd64dd0000 - 0x00007ffd64e6d000 	C:\WINDOWS\System32\msvcp_win.dll
0x00007ffd65ff0000 - 0x00007ffd6601f000 	C:\WINDOWS\System32\IMM32.DLL
0x00007ffd5b650000 - 0x00007ffd5b65c000 	C:\Program Files\Java\jdk-22\bin\vcruntime140_1.dll
0x00007ffd51650000 - 0x00007ffd516de000 	C:\Program Files\Java\jdk-22\bin\msvcp140.dll
0x00007ffcb8020000 - 0x00007ffcb8d69000 	C:\Program Files\Java\jdk-22\bin\server\jvm.dll
0x00007ffd66d00000 - 0x00007ffd66db0000 	C:\WINDOWS\System32\ADVAPI32.dll
0x00007ffd66e40000 - 0x00007ffd66ee0000 	C:\WINDOWS\System32\sechost.dll
0x00007ffd67010000 - 0x00007ffd67133000 	C:\WINDOWS\System32\RPCRT4.dll
0x00007ffd64f80000 - 0x00007ffd64fa7000 	C:\WINDOWS\System32\bcrypt.dll
0x00007ffd66930000 - 0x00007ffd6699b000 	C:\WINDOWS\System32\WS2_32.dll
0x00007ffd641e0000 - 0x00007ffd6422b000 	C:\WINDOWS\SYSTEM32\POWRPROF.dll
0x00007ffd5b5e0000 - 0x00007ffd5b607000 	C:\WINDOWS\SYSTEM32\WINMM.dll
0x00007ffd5d2a0000 - 0x00007ffd5d2aa000 	C:\WINDOWS\SYSTEM32\VERSION.dll
0x00007ffd64050000 - 0x00007ffd64062000 	C:\WINDOWS\SYSTEM32\UMPDC.dll
0x00007ffd63470000 - 0x00007ffd63482000 	C:\WINDOWS\SYSTEM32\kernel.appcore.dll
0x00007ffd5d5e0000 - 0x00007ffd5d5ea000 	C:\Program Files\Java\jdk-22\bin\jimage.dll
0x00007ffd629e0000 - 0x00007ffd62bc4000 	C:\WINDOWS\SYSTEM32\DBGHELP.DLL
0x00007ffd5b740000 - 0x00007ffd5b774000 	C:\WINDOWS\SYSTEM32\dbgcore.DLL
0x00007ffd64ea0000 - 0x00007ffd64f22000 	C:\WINDOWS\System32\bcryptPrimitives.dll
0x00007ffd5cd10000 - 0x00007ffd5cd4c000 	C:\Program Files\Java\jdk-22\bin\jdwp.dll
0x00007ffd61090000 - 0x00007ffd6109f000 	C:\Program Files\Java\jdk-22\bin\instrument.dll
0x00007ffd59470000 - 0x00007ffd5948e000 	C:\Program Files\Java\jdk-22\bin\java.dll
0x00007ffd656e0000 - 0x00007ffd65e4f000 	C:\WINDOWS\System32\SHELL32.dll
0x00007ffd66800000 - 0x00007ffd6692b000 	C:\WINDOWS\System32\ole32.dll
0x00007ffd67140000 - 0x00007ffd67493000 	C:\WINDOWS\System32\combase.dll
0x00007ffd62cc0000 - 0x00007ffd6345f000 	C:\WINDOWS\SYSTEM32\windows.storage.dll
0x00007ffd64680000 - 0x00007ffd646ae000 	C:\WINDOWS\SYSTEM32\Wldp.dll
0x00007ffd655e0000 - 0x00007ffd656ad000 	C:\WINDOWS\System32\OLEAUT32.dll
0x00007ffd66500000 - 0x00007ffd665ad000 	C:\WINDOWS\System32\SHCORE.dll
0x00007ffd66bb0000 - 0x00007ffd66c05000 	C:\WINDOWS\System32\shlwapi.dll
0x00007ffd64b90000 - 0x00007ffd64bb4000 	C:\WINDOWS\SYSTEM32\profapi.dll
0x00007ffd60f50000 - 0x00007ffd60f5c000 	C:\Program Files\Java\jdk-22\bin\dt_socket.dll
0x00007ffd64070000 - 0x00007ffd640ab000 	C:\WINDOWS\SYSTEM32\IPHLPAPI.DLL
0x00007ffd643e0000 - 0x00007ffd6444a000 	C:\WINDOWS\system32\mswsock.dll
0x00007ffd640c0000 - 0x00007ffd6418a000 	C:\WINDOWS\SYSTEM32\DNSAPI.dll
0x00007ffd66cf0000 - 0x00007ffd66cf8000 	C:\WINDOWS\System32\NSI.dll
0x00007ffd5d7e0000 - 0x00007ffd5d7ea000 	C:\Windows\System32\rasadhlp.dll
0x00007ffd51390000 - 0x00007ffd51410000 	C:\WINDOWS\System32\fwpuclnt.dll
0x00007ffd5ca50000 - 0x00007ffd5ca67000 	C:\Program Files\Java\jdk-22\bin\zip.dll
0x00007ffd609b0000 - 0x00007ffd609c0000 	C:\Program Files\Java\jdk-22\bin\net.dll
0x00007ffd5cb00000 - 0x00007ffd5cb16000 	C:\Program Files\Java\jdk-22\bin\nio.dll
0x00007ffd5cc60000 - 0x00007ffd5cc6a000 	C:\Program Files\Java\jdk-22\bin\management.dll
0x00007ffd5caf0000 - 0x00007ffd5cafb000 	C:\Program Files\Java\jdk-22\bin\management_ext.dll
0x00007ffd66f80000 - 0x00007ffd66f88000 	C:\WINDOWS\System32\PSAPI.DLL
0x00007ffd47e00000 - 0x00007ffd47e17000 	C:\WINDOWS\system32\napinsp.dll
0x00007ffd448e0000 - 0x00007ffd448fb000 	C:\WINDOWS\system32\pnrpnsp.dll
0x00007ffd61110000 - 0x00007ffd61125000 	C:\WINDOWS\system32\wshbth.dll
0x00007ffd5e0d0000 - 0x00007ffd5e0ed000 	C:\WINDOWS\system32\NLAapi.dll
0x00007ffd43ee0000 - 0x00007ffd43ef2000 	C:\WINDOWS\System32\winrnr.dll
0x00007ffd645e0000 - 0x00007ffd645f8000 	C:\WINDOWS\SYSTEM32\CRYPTSP.dll
0x00007ffd63c90000 - 0x00007ffd63cc4000 	C:\WINDOWS\system32\rsaenh.dll
0x00007ffd64b00000 - 0x00007ffd64b2e000 	C:\WINDOWS\SYSTEM32\USERENV.dll
0x00007ffd645d0000 - 0x00007ffd645dc000 	C:\WINDOWS\SYSTEM32\CRYPTBASE.dll
0x00007ffd5c990000 - 0x00007ffd5c999000 	C:\Program Files\Java\jdk-22\bin\extnet.dll
0x00007ffd5ce30000 - 0x00007ffd5ce40000 	C:\Program Files\Java\jdk-22\bin\verify.dll
0x00007ffd5cdb0000 - 0x00007ffd5cdbe000 	C:\Program Files\Java\jdk-22\bin\sunmscapi.dll
0x00007ffd65180000 - 0x00007ffd652de000 	C:\WINDOWS\System32\CRYPT32.dll
0x00007ffd646f0000 - 0x00007ffd64719000 	C:\WINDOWS\SYSTEM32\ncrypt.dll
0x00007ffd646b0000 - 0x00007ffd646eb000 	C:\WINDOWS\SYSTEM32\NTASN1.dll
0x00007ffd60980000 - 0x00007ffd60987000 	C:\WINDOWS\system32\wshunix.dll

dbghelp: loaded successfully - version: 4.0.5 - missing functions: none
symbol engine: initialized successfully - sym options: 0x614 - pdb path: .;C:\Program Files\Java\jdk-22\bin;C:\WINDOWS\SYSTEM32;C:\WINDOWS\WinSxS\amd64_microsoft.windows.common-controls_6595b64144ccf1df_6.0.19041.4355_none_60b8b9eb71f62e16;C:\Program Files\Java\jdk-22\bin\server

VM Arguments:
jvm_args: -XX:+ShowCodeDetailsInExceptionMessages -agentlib:jdwp=transport=dt_socket,suspend=y,address=localhost:56837 -Dcom.sun.management.jmxremote -Dcom.sun.management.jmxremote.port=56836 -Dcom.sun.management.jmxremote.authenticate=false -Dcom.sun.management.jmxremote.ssl=false -Djava.rmi.server.hostname=localhost -Dspring.jmx.enabled=true -Dmanagement.endpoints.jmx.exposure.include=* -Dspring.application.admin.enabled=true -XX:TieredStopAtLevel=1 -Dspring.boot.project.name=demo -javaagent:C:\Users\sahan\eclipse\java-2024-06\eclipse\configuration\org.eclipse.osgi\251\0\.cp\lib\javaagent-shaded.jar -Dfile.encoding=UTF-8 -Dstdout.encoding=UTF-8 -Dstderr.encoding=UTF-8 
java_command: com.example.demo.DemoApplication --spring.output.ansi.enabled=always
java_class_path (initial): C:\Users\sahan\eclipse-workspace\demo\target\classes;C:\Users\sahan\eclipse-workspace\Java_Project\bin;C:\Users\sahan\.m2\repository\org\springframework\boot\spring-boot-starter-web\3.3.3\spring-boot-starter-web-3.3.3.jar;C:\Users\sahan\.m2\repository\org\springframework\boot\spring-boot-starter\3.3.3\spring-boot-starter-3.3.3.jar;C:\Users\sahan\.m2\repository\org\springframework\boot\spring-boot-starter-logging\3.3.3\spring-boot-starter-logging-3.3.3.jar;C:\Users\sahan\.m2\repository\ch\qos\logback\logback-classic\1.5.7\logback-classic-1.5.7.jar;C:\Users\sahan\.m2\repository\ch\qos\logback\logback-core\1.5.7\logback-core-1.5.7.jar;C:\Users\sahan\.m2\repository\org\apache\logging\log4j\log4j-to-slf4j\2.23.1\log4j-to-slf4j-2.23.1.jar;C:\Users\sahan\.m2\repository\org\apache\logging\log4j\log4j-api\2.23.1\log4j-api-2.23.1.jar;C:\Users\sahan\.m2\repository\org\slf4j\jul-to-slf4j\2.0.16\jul-to-slf4j-2.0.16.jar;C:\Users\sahan\.m2\repository\jakarta\annotation\jakarta.annotation-api\2.1.1\jakarta.annotation-api-2.1.1.jar;C:\Users\sahan\.m2\repository\org\yaml\snakeyaml\2.2\snakeyaml-2.2.jar;C:\Users\sahan\.m2\repository\org\springframework\boot\spring-boot-starter-json\3.3.3\spring-boot-starter-json-3.3.3.jar;C:\Users\sahan\.m2\repository\com\fasterxml\jackson\core\jackson-databind\2.17.2\jackson-databind-2.17.2.jar;C:\Users\sahan\.m2\repository\com\fasterxml\jackson\core\jackson-annotations\2.17.2\jackson-annotations-2.17.2.jar;C:\Users\sahan\.m2\repository\com\fasterxml\jackson\core\jackson-core\2.17.2\jackson-core-2.17.2.jar;C:\Users\sahan\.m2\repository\com\fasterxml\jackson\datatype\jackson-datatype-jdk8\2.17.2\jackson-datatype-jdk8-2.17.2.jar;C:\Users\sahan\.m2\repository\com\fasterxml\jackson\datatype\jackson-datatype-jsr310\2.17.2\jackson-datatype-jsr310-2.17.2.jar;C:\Users\sahan\.m2\repository\com\fasterxml\jackson\module\jackson-module-parameter-names\2.17.2\jackson-module-parameter-names-2.17.2.jar;C:\Users\sahan\.m2\repository\org\springframework\boot\spring-boot-starter-tomcat\3.3.3\spring-boot-starter-tomcat-3.3.3.jar;C:\Users\sahan\.m2\repository\org\apache\tomcat\embed\tomcat-embed-core\10.1.28\tomcat-embed-core-10.1.28.jar;C:\Users\sahan\.m2\repository\org\apache\tomcat\embed\tomcat-embed-el\10.1.28\tomcat-embed-el-10.1.28.jar;C:\Users\sahan\.m2\repository\org\apache\tomcat\embed\tomcat-embed-websocket\10.1.28\tomcat-embed-websocket-10.1.28.jar;C:\Users\sahan\.m2\repository\org\springframework\spring-web\6.1.12\spring-web-6.1.12.jar;C:\Users\sahan\.m2\repository\org\springframework\spring-beans\6.1.12\spring-beans-6.1.12.jar;C:\Users\sahan\.m2\repository\io\micrometer\micrometer-observation\1.13.3\micrometer-observation-1.13.3.jar;C:\Users\sahan\.m2\repository\io\micrometer\micrometer-commons\1.13.3\micrometer-commons-1.13.3.jar;C:\Users\sahan\.m2\repository\org\springframework\spring-webmvc\6.1.12\spring-webmvc-6.1.12.jar;C:\Users\sahan\.m2\repository\org\springframework\spring-aop\6.1.12\spring-aop-6.1.12.jar;C:\Users\sahan\.m2\repository\org\springframework\spring-context\6.1.12\spring-context-6.1.12.jar;C:\Users\sahan\.m2\repository\org\springframework\spring-expression\6.1.12\spring-expression-6.1.12.jar;C:\Users\sahan\.m2\repository\org\slf4j\slf4j-api\2.0.16\slf4j-api-2.0.16.jar;C:\Users\sahan\.m2\repository\org\springframework\spring-core\6.1.12\spring-core-6.1.12.jar;C:\Users\sahan\.m2\repository\org\springframework\spring-jcl\6.1.12\spring-jcl-6.1.12.jar;C:\Users\sahan\.m2\repository\org\springframework\boot\spring-boot-starter-data-mongodb\3.3.3\spring-boot-starter-data-mongodb-3.3.3.jar;C:\Users\sahan\.m2\repository\org\mongodb\mongodb-driver-sync\5.0.1\mongodb-driver-sync-5.0.1.jar;C:\Users\sahan\.m2\repository\org\mongodb\bson\5.0.1\bson-5.0.1.jar;C:\Users\sahan\.m2\repository\org\mongodb\mongodb-driver-core\5.0.1\mongodb-driver-core-5.0.1.jar;C:\Users\sahan\.m2\repository\org\mongodb\bson-record-codec\5.0.1\bson-record-codec-5.0.1.jar;C:\Users\sahan\.m2\repository\org\springframework\data\spring-data-mongodb\4.3.3\spring-data-mongodb-4.3.3.jar;C:\Users\sahan\.m2\repository\org\springframework\spring-tx\6.1.12\spring-tx-6.1.12.jar;C:\Users\sahan\.m2\repository\org\springframework\data\spring-data-commons\3.3.3\spring-data-commons-3.3.3.jar;C:\Users\sahan\.m2\repository\log4j\log4j\1.2.17\log4j-1.2.17.jar;C:\Users\sahan\.m2\repository\org\springframework\boot\spring-boot-devtools\3.3.3\spring-boot-devtools-3.3.3.jar;C:\Users\sahan\.m2\repository\org\springframework\boot\spring-boot\3.3.3\spring-boot-3.3.3.jar;C:\Users\sahan\.m2\repository\org\springframework\boot\spring-boot-autoconfigure\3.3.3\spring-boot-autoconfigure-3.3.3.jar;C:\Users\sahan\.m2\repository\com\google\code\gson\gson\2.10.1\gson-2.10.1.jar
Launcher Type: SUN_STANDARD

[Global flags]
     intx CICompilerCount                          = 4                                         {product} {ergonomic}
     uint ConcGCThreads                            = 2                                         {product} {ergonomic}
     uint G1ConcRefinementThreads                  = 8                                         {product} {ergonomic}
   size_t G1HeapRegionSize                         = 1048576                                   {product} {ergonomic}
   size_t InitialHeapSize                          = 132120576                                 {product} {ergonomic}
     bool ManagementServer                         = true                                      {product} {command line}
   size_t MarkStackSize                            = 4194304                                   {product} {ergonomic}
   size_t MaxHeapSize                              = 2107637760                                {product} {ergonomic}
   size_t MaxNewSize                               = 1264582656                                {product} {ergonomic}
   size_t MinHeapDeltaBytes                        = 1048576                                   {product} {ergonomic}
   size_t MinHeapSize                              = 8388608                                   {product} {ergonomic}
    uintx NonNMethodCodeHeapSize                   = 4096                                   {pd product} {ergonomic}
    uintx NonProfiledCodeHeapSize                  = 0                                      {pd product} {ergonomic}
     bool ProfileInterpreter                       = false                                  {pd product} {command line}
    uintx ProfiledCodeHeapSize                     = 0                                      {pd product} {ergonomic}
     bool ShowCodeDetailsInExceptionMessages       = true                                   {manageable} {command line}
   size_t SoftMaxHeapSize                          = 2107637760                             {manageable} {ergonomic}
     intx TieredStopAtLevel                        = 1                                         {product} {command line}
     bool UseCompressedOops                        = true                           {product lp64_product} {ergonomic}
     bool UseG1GC                                  = true                                      {product} {ergonomic}
     bool UseLargePagesIndividualAllocation        = false                                  {pd product} {ergonomic}

Logging:
Log output configuration:
 #0: stdout all=warning uptime,level,tags foldmultilines=false
 #1: stderr all=off uptime,level,tags foldmultilines=false

Environment Variables:
JAVA_HOME=C:\Program Files\Java\jdk-22\bin
PATH=C:/Program Files/Java/jdk-22/bin/server;C:/Program Files/Java/jdk-22/bin;C:/Users/sahan/AppData/Local/Temp/eoi93C9.tmp//plugins/org.eclipse.justj.openjdk.hotspot.jre.minimal.stripped.win32.x86_64_17.0.11.v20240426-2108/jre/bin/server;C:/Users/sahan/AppData/Local/Temp/eoi93C9.tmp//plugins/org.eclipse.justj.openjdk.hotspot.jre.minimal.stripped.win32.x86_64_17.0.11.v20240426-2108/jre/bin;C:\Program Files\Common Files\Oracle\Java\javapath;C:\windows\system32;C:\windows;C:\windows\System32\Wbem;C:\windows\System32\WindowsPowerShell\v1.0\;C:\windows\System32\OpenSSH\;C:\Program Files (x86)\NVIDIA Corporation\PhysX\Common;C:\Program Files\NVIDIA Corporation\NVIDIA NvDLISR;C:\WINDOWS\system32;C:\WINDOWS;C:\WINDOWS\System32\Wbem;C:\WINDOWS\System32\WindowsPowerShell\v1.0\;C:\WINDOWS\System32\OpenSSH\;C:\Users\sahan\AppData\Local\Microsoft\WindowsApps;C:\Users\sahan\AppData\Local\Programs\Microsoft VS Code\bin;"C:\Program Files\Java\jdk-22\bin;C:\Program Files\Java\jdk-22\bin";;C:\Users\sahan\Downloads;;C:\Users\sahan\Downloads;
USERNAME=sahan
OS=Windows_NT
PROCESSOR_IDENTIFIER=Intel64 Family 6 Model 158 Stepping 10, GenuineIntel
TMP=C:\Users\sahan\AppData\Local\Temp
TEMP=C:\Users\sahan\AppData\Local\Temp




Periodic native trim disabled

---------------  S Y S T E M  ---------------

OS:
 Windows 10 , 64 bit Build 19041 (10.0.19041.4717)
OS uptime: 0 days 7:47 hours

CPU: total 8 (initial active 8) (4 cores per cpu, 2 threads per core) family 6 model 158 stepping 10 microcode 0xca, cx8, cmov, fxsr, ht, mmx, 3dnowpref, sse, sse2, sse3, ssse3, sse4.1, sse4.2, popcnt, lzcnt, tsc, tscinvbit, avx, avx2, aes, erms, clmul, bmi1, bmi2, adx, fma, vzeroupper, clflush, clflushopt, rdtscp, f16c
Processor Information for all 8 processors :
  Max Mhz: 2400, Current Mhz: 2400, Mhz Limit: 2400

Memory: 4k page, system-wide physical 8033M (650M free)
TotalPageFile size 18136M (AvailPageFile size 2964M)
current process WorkingSet (physical memory assigned to process): 180M, peak: 181M
current process commit charge ("private bytes"): 218M, peak: 244M

vm_info: Java HotSpot(TM) 64-Bit Server VM (22.0.2+9-70) for windows-amd64 JRE (22.0.2+9-70), built on 2024-06-04T16:52:23Z by "mach5one" with MS VC++ 17.6 (VS2022)

END.
